

Version:	3.12
CmdLine:	C:\Users\Haotian Bai\Desktop\17121444_t2\17121444_t2.exe --l4j-debug
WOW64:		yes
Working dir:	C:\Users\Haotian Bai\Desktop\17121444_t2\.
Java min ver:	1.008.000
Java max ver:	
Bundled JRE:	.\jre1.8
Check launcher:	C:\Users\Haotian Bai\Desktop\17121444_t2\.\jre1.8\bin\javaw.exe (not found)
64-bit search:	SOFTWARE\JavaSoft\Java Runtime Environment...
32-bit search:	SOFTWARE\JavaSoft\Java Runtime Environment...
Check:		SOFTWARE\JavaSoft\Java Runtime Environment\1.8
Check launcher:	C:\Program Files (x86)\Java\jre1.8\bin\javaw.exe (OK)
Match:		1.008.000
Check:		SOFTWARE\JavaSoft\Java Runtime Environment\1.8.0_251
Check launcher:	C:\Program Files (x86)\Java\jre1.8\bin\javaw.exe (OK)
Match:		1.008.000_251
64-bit search:	SOFTWARE\JavaSoft\Java Development Kit...
32-bit search:	SOFTWARE\JavaSoft\Java Development Kit...
64-bit search:	SOFTWARE\JavaSoft\JRE...
32-bit search:	SOFTWARE\JavaSoft\JRE...
64-bit search:	SOFTWARE\JavaSoft\JDK...
Check:		SOFTWARE\JavaSoft\JDK\11.0.7
Check launcher:	D:\environment\programming\Java\bin\javaw.exe (not found)
Ignore:		1.011.000_007
32-bit search:	SOFTWARE\JavaSoft\JDK...
Runtime used:	1.008.000_251 (32-bit)
Main class:	UI.TestPanel
Add classpath:	lib\Algorithms-1.0.jar
Add classpath:	lib\miglayout-swing-5.2.jar
Add classpath:	lib\miglayout-core-5.2.jar
Add classpath:	lib\javatuples-1.2.jar
Launcher:	C:\Program Files (x86)\Java\jre1.8\bin\javaw.exe
Launcher args:	-classpath "C:\Users\Haotian Bai\Desktop\17121444_t2\17121444_t2.exe;lib\Algorithms-1.0.jar;lib\miglayout-swing-5.2.jar;lib\miglayout-core-5.2.jar;lib\javatuples-1.2.jar" UI.TestPanel
Args length:	183/32768 chars
Exit code:	0


Version:	3.12
CmdLine:	C:\Users\Haotian Bai\Desktop\17121444_t2\17121444_t2.exe --l4j-debug
WOW64:		yes
Working dir:	C:\Users\Haotian Bai\Desktop\17121444_t2\.
Java min ver:	1.008.000
Java max ver:	
Bundled JRE:	.\jre
Check launcher:	C:\Users\Haotian Bai\Desktop\17121444_t2\.\jre\bin\javaw.exe (not found)
64-bit search:	SOFTWARE\JavaSoft\Java Runtime Environment...
32-bit search:	SOFTWARE\JavaSoft\Java Runtime Environment...
Check:		SOFTWARE\JavaSoft\Java Runtime Environment\1.8
Check launcher:	C:\Program Files (x86)\Java\jre1.8\bin\javaw.exe (OK)
Match:		1.008.000
Check:		SOFTWARE\JavaSoft\Java Runtime Environment\1.8.0_251
Check launcher:	C:\Program Files (x86)\Java\jre1.8\bin\javaw.exe (OK)
Match:		1.008.000_251
64-bit search:	SOFTWARE\JavaSoft\Java Development Kit...
32-bit search:	SOFTWARE\JavaSoft\Java Development Kit...
64-bit search:	SOFTWARE\JavaSoft\JRE...
32-bit search:	SOFTWARE\JavaSoft\JRE...
64-bit search:	SOFTWARE\JavaSoft\JDK...
Check:		SOFTWARE\JavaSoft\JDK\11.0.7
Check launcher:	D:\environment\programming\Java\bin\javaw.exe (not found)
Ignore:		1.011.000_007
32-bit search:	SOFTWARE\JavaSoft\JDK...
Runtime used:	1.008.000_251 (32-bit)
Main class:	UI.TestPanel
Add classpath:	lib\Algorithms-1.0.jar
Add classpath:	lib\miglayout-swing-5.2.jar
Add classpath:	lib\miglayout-core-5.2.jar
Add classpath:	lib\javatuples-1.2.jar
Launcher:	C:\Program Files (x86)\Java\jre1.8\bin\javaw.exe
Launcher args:	-classpath "C:\Users\Haotian Bai\Desktop\17121444_t2\17121444_t2.exe;lib\Algorithms-1.0.jar;lib\miglayout-swing-5.2.jar;lib\miglayout-core-5.2.jar;lib\javatuples-1.2.jar" UI.TestPanel
Args length:	183/32768 chars
Exit code:	0
